<?xml version="1.0" encoding="UTF-8"?>
<!-- Generated by org.testng.reporters.JUnitXMLReporter -->
<testsuite hostname="FONNOIDSK92" name="Main_Windows_FF" tests="10" failures="3" timestamp="2 Jun 2016 06:52:08 GMT" time="185.855" errors="0">
  <testcase name="Main_Enter_Invalid_Source_Invalid_Destination_Select_Departure_Date_Return_Date_Click_Search_Button_ValidateFunctionality" time="14.012" classname="com.devops.src.testcases.Main"/>
  <testcase name="Main_Enter_Valid_Source_Invalid_Destination_Select_Departure_Date_Return_Date_Click_Search_Button_ValidateFunctionality" time="9.641" classname="com.devops.src.testcases.Main"/>
  <testcase name="Main_Enter_InValid_Source_Valid_Destination_Select_Departure_Date_Return_Date_Click_Search_Button_ValidateFunctionality" time="8.961" classname="com.devops.src.testcases.Main"/>
  <testcase name="Main_Enter_Empty_Source_Valid_Destination_Select_Departure_Date_Return_Date_Click_Search_Button_ValidateFunctionality" time="7.421" classname="com.devops.src.testcases.Main">
    <failure type="junit.framework.AssertionFailedError" message="User is not on Search Page">
      <![CDATA[junit.framework.AssertionFailedError: User is not on Search Page
	at junit.framework.Assert.fail(Assert.java:47)
	at junit.framework.Assert.assertTrue(Assert.java:20)
	at com.devops.src.util.Utils.assertExistence(Utils.java:84)
	at com.devops.src.testcases.Main.Main_Enter_Empty_Source_Valid_Destination_Select_Departure_Date_Return_Date_Click_Search_Button_ValidateFunctionality(Main.java:73)
	at java.util.concurrent.FutureTask.run(FutureTask.java:266)
	at java.util.concurrent.ThreadPoolExecutor.runWorker(ThreadPoolExecutor.java:1142)
	at java.util.concurrent.ThreadPoolExecutor$Worker.run(ThreadPoolExecutor.java:617)
	at java.lang.Thread.run(Thread.java:745)
... Removed 16 stack frames]]>
    </failure>
  </testcase> <!-- Main_Enter_Empty_Source_Valid_Destination_Select_Departure_Date_Return_Date_Click_Search_Button_ValidateFunctionality -->
  <testcase name="Main_Enter_Valid_Source_Empty_Destination_Select_Departure_Date_Return_Date_Click_Search_Button_ValidateFunctionality" time="7.622" classname="com.devops.src.testcases.Main">
    <failure type="junit.framework.AssertionFailedError" message="User is not on Search Page">
      <![CDATA[junit.framework.AssertionFailedError: User is not on Search Page
	at junit.framework.Assert.fail(Assert.java:47)
	at junit.framework.Assert.assertTrue(Assert.java:20)
	at com.devops.src.util.Utils.assertExistence(Utils.java:84)
	at com.devops.src.testcases.Main.Main_Enter_Valid_Source_Empty_Destination_Select_Departure_Date_Return_Date_Click_Search_Button_ValidateFunctionality(Main.java:86)
	at java.util.concurrent.FutureTask.run(FutureTask.java:266)
	at java.util.concurrent.ThreadPoolExecutor.runWorker(ThreadPoolExecutor.java:1142)
	at java.util.concurrent.ThreadPoolExecutor$Worker.run(ThreadPoolExecutor.java:617)
	at java.lang.Thread.run(Thread.java:745)
... Removed 16 stack frames]]>
    </failure>
  </testcase> <!-- Main_Enter_Valid_Source_Empty_Destination_Select_Departure_Date_Return_Date_Click_Search_Button_ValidateFunctionality -->
  <testcase name="Main_Enter_Empty_Source_Empty_Destination_Select_Departure_Date_Return_Date_Click_Search_Button_ValidateFunctionality" time="22.192" classname="com.devops.src.testcases.Main">
    <failure type="junit.framework.AssertionFailedError" message="User is not on Search Page">
      <![CDATA[junit.framework.AssertionFailedError: User is not on Search Page
	at junit.framework.Assert.fail(Assert.java:47)
	at junit.framework.Assert.assertTrue(Assert.java:20)
	at com.devops.src.util.Utils.assertExistence(Utils.java:84)
	at com.devops.src.testcases.Main.Main_Enter_Empty_Source_Empty_Destination_Select_Departure_Date_Return_Date_Click_Search_Button_ValidateFunctionality(Main.java:98)
	at java.util.concurrent.FutureTask.run(FutureTask.java:266)
	at java.util.concurrent.ThreadPoolExecutor.runWorker(ThreadPoolExecutor.java:1142)
	at java.util.concurrent.ThreadPoolExecutor$Worker.run(ThreadPoolExecutor.java:617)
	at java.lang.Thread.run(Thread.java:745)
... Removed 16 stack frames]]>
    </failure>
  </testcase> <!-- Main_Enter_Empty_Source_Empty_Destination_Select_Departure_Date_Return_Date_Click_Search_Button_ValidateFunctionality -->
  <testcase name="Main_Enter_Valid_Source_Valid_Destination_Select_Departure_Date_Return_Date_Click_Search_Button_ValidateFunctionality" time="8.378" classname="com.devops.src.testcases.Main"/>
  <testcase name="FlightBooking_Select_Lowest_ArrivalFare_Lowest_DepartureFare_Click_Book_Button_ValidateFunctionality" time="28.246" classname="com.devops.src.testcases.Booking"/>
  <testcase name="FlightBooking_Enter_Empty_Source_Empty_Destination_Select_DepartureDate_ReturnDate_Click_Search_Button_ValidateFunctionality" time="8.776" classname="com.devops.src.testcases.Booking"/>
  <testcase name="Payment_Select_UserTitle_Input_AdultName_Fields_EmailAddress_MobileNumber_Click_MakePayment_Button_ValidateFunctionality" time="28.883" classname="com.devops.src.testcases.Payment"/>
</testsuite> <!-- Main_Windows_FF -->
