<?xml version="1.0" encoding="UTF-8"?>
<!-- Generated by org.testng.reporters.JUnitReportReporter -->
<testsuite hostname="FONNOIDSK92" name="com.devops.src.testcases.Main" tests="7" failures="0" timestamp="2 Jun 2016 06:52:08 GMT" time="78.227" errors="3">
  <testcase name="Main_Enter_InValid_Source_Valid_Destination_Select_Departure_Date_Return_Date_Click_Search_Button_ValidateFunctionality" time="8.961" classname="com.devops.src.testcases.Main"/>
  <testcase name="Main_Enter_Invalid_Source_Invalid_Destination_Select_Departure_Date_Return_Date_Click_Search_Button_ValidateFunctionality" time="14.012" classname="com.devops.src.testcases.Main"/>
  <testcase name="Main_Enter_Valid_Source_Valid_Destination_Select_Departure_Date_Return_Date_Click_Search_Button_ValidateFunctionality" time="8.378" classname="com.devops.src.testcases.Main"/>
  <testcase name="Main_Enter_Valid_Source_Empty_Destination_Select_Departure_Date_Return_Date_Click_Search_Button_ValidateFunctionality" time="7.622" classname="com.devops.src.testcases.Main">
    <error type="junit.framework.AssertionFailedError" message="User is not on Search Page">
      <![CDATA[junit.framework.AssertionFailedError: User is not on Search Page
	at junit.framework.Assert.fail(Assert.java:47)
	at junit.framework.Assert.assertTrue(Assert.java:20)
	at com.devops.src.util.Utils.assertExistence(Utils.java:84)
	at com.devops.src.testcases.Main.Main_Enter_Valid_Source_Empty_Destination_Select_Departure_Date_Return_Date_Click_Search_Button_ValidateFunctionality(Main.java:86)
	at sun.reflect.NativeMethodAccessorImpl.invoke0(Native Method)
	at sun.reflect.NativeMethodAccessorImpl.invoke(NativeMethodAccessorImpl.java:62)
	at sun.reflect.DelegatingMethodAccessorImpl.invoke(DelegatingMethodAccessorImpl.java:43)
	at java.lang.reflect.Method.invoke(Method.java:483)
	at org.testng.internal.MethodInvocationHelper.invokeMethod(MethodInvocationHelper.java:85)
	at org.testng.internal.Invoker.invokeMethod(Invoker.java:659)
	at org.testng.internal.Invoker.invokeTestMethod(Invoker.java:845)
	at org.testng.internal.Invoker.invokeTestMethods(Invoker.java:1153)
	at org.testng.internal.TestMethodWorker.invokeTestMethods(TestMethodWorker.java:125)
	at org.testng.internal.TestMethodWorker.run(TestMethodWorker.java:108)
	at org.testng.TestRunner.privateRun(TestRunner.java:771)
	at org.testng.TestRunner.run(TestRunner.java:621)
	at org.testng.SuiteRunner.runTest(SuiteRunner.java:357)
	at org.testng.SuiteRunner.access$000(SuiteRunner.java:38)
	at org.testng.SuiteRunner$SuiteWorker.run(SuiteRunner.java:391)
	at org.testng.internal.thread.ThreadUtil$2.call(ThreadUtil.java:64)
	at java.util.concurrent.FutureTask.run(FutureTask.java:266)
	at java.util.concurrent.ThreadPoolExecutor.runWorker(ThreadPoolExecutor.java:1142)
	at java.util.concurrent.ThreadPoolExecutor$Worker.run(ThreadPoolExecutor.java:617)
	at java.lang.Thread.run(Thread.java:745)
]]>
    </error>
  </testcase> <!-- Main_Enter_Valid_Source_Empty_Destination_Select_Departure_Date_Return_Date_Click_Search_Button_ValidateFunctionality -->
  <testcase name="Main_Enter_Empty_Source_Empty_Destination_Select_Departure_Date_Return_Date_Click_Search_Button_ValidateFunctionality" time="22.192" classname="com.devops.src.testcases.Main">
    <error type="junit.framework.AssertionFailedError" message="User is not on Search Page">
      <![CDATA[junit.framework.AssertionFailedError: User is not on Search Page
	at junit.framework.Assert.fail(Assert.java:47)
	at junit.framework.Assert.assertTrue(Assert.java:20)
	at com.devops.src.util.Utils.assertExistence(Utils.java:84)
	at com.devops.src.testcases.Main.Main_Enter_Empty_Source_Empty_Destination_Select_Departure_Date_Return_Date_Click_Search_Button_ValidateFunctionality(Main.java:98)
	at sun.reflect.NativeMethodAccessorImpl.invoke0(Native Method)
	at sun.reflect.NativeMethodAccessorImpl.invoke(NativeMethodAccessorImpl.java:62)
	at sun.reflect.DelegatingMethodAccessorImpl.invoke(DelegatingMethodAccessorImpl.java:43)
	at java.lang.reflect.Method.invoke(Method.java:483)
	at org.testng.internal.MethodInvocationHelper.invokeMethod(MethodInvocationHelper.java:85)
	at org.testng.internal.Invoker.invokeMethod(Invoker.java:659)
	at org.testng.internal.Invoker.invokeTestMethod(Invoker.java:845)
	at org.testng.internal.Invoker.invokeTestMethods(Invoker.java:1153)
	at org.testng.internal.TestMethodWorker.invokeTestMethods(TestMethodWorker.java:125)
	at org.testng.internal.TestMethodWorker.run(TestMethodWorker.java:108)
	at org.testng.TestRunner.privateRun(TestRunner.java:771)
	at org.testng.TestRunner.run(TestRunner.java:621)
	at org.testng.SuiteRunner.runTest(SuiteRunner.java:357)
	at org.testng.SuiteRunner.access$000(SuiteRunner.java:38)
	at org.testng.SuiteRunner$SuiteWorker.run(SuiteRunner.java:391)
	at org.testng.internal.thread.ThreadUtil$2.call(ThreadUtil.java:64)
	at java.util.concurrent.FutureTask.run(FutureTask.java:266)
	at java.util.concurrent.ThreadPoolExecutor.runWorker(ThreadPoolExecutor.java:1142)
	at java.util.concurrent.ThreadPoolExecutor$Worker.run(ThreadPoolExecutor.java:617)
	at java.lang.Thread.run(Thread.java:745)
]]>
    </error>
  </testcase> <!-- Main_Enter_Empty_Source_Empty_Destination_Select_Departure_Date_Return_Date_Click_Search_Button_ValidateFunctionality -->
  <testcase name="Main_Enter_Valid_Source_Invalid_Destination_Select_Departure_Date_Return_Date_Click_Search_Button_ValidateFunctionality" time="9.641" classname="com.devops.src.testcases.Main"/>
  <testcase name="Main_Enter_Empty_Source_Valid_Destination_Select_Departure_Date_Return_Date_Click_Search_Button_ValidateFunctionality" time="7.421" classname="com.devops.src.testcases.Main">
    <error type="junit.framework.AssertionFailedError" message="User is not on Search Page">
      <![CDATA[junit.framework.AssertionFailedError: User is not on Search Page
	at junit.framework.Assert.fail(Assert.java:47)
	at junit.framework.Assert.assertTrue(Assert.java:20)
	at com.devops.src.util.Utils.assertExistence(Utils.java:84)
	at com.devops.src.testcases.Main.Main_Enter_Empty_Source_Valid_Destination_Select_Departure_Date_Return_Date_Click_Search_Button_ValidateFunctionality(Main.java:73)
	at sun.reflect.NativeMethodAccessorImpl.invoke0(Native Method)
	at sun.reflect.NativeMethodAccessorImpl.invoke(NativeMethodAccessorImpl.java:62)
	at sun.reflect.DelegatingMethodAccessorImpl.invoke(DelegatingMethodAccessorImpl.java:43)
	at java.lang.reflect.Method.invoke(Method.java:483)
	at org.testng.internal.MethodInvocationHelper.invokeMethod(MethodInvocationHelper.java:85)
	at org.testng.internal.Invoker.invokeMethod(Invoker.java:659)
	at org.testng.internal.Invoker.invokeTestMethod(Invoker.java:845)
	at org.testng.internal.Invoker.invokeTestMethods(Invoker.java:1153)
	at org.testng.internal.TestMethodWorker.invokeTestMethods(TestMethodWorker.java:125)
	at org.testng.internal.TestMethodWorker.run(TestMethodWorker.java:108)
	at org.testng.TestRunner.privateRun(TestRunner.java:771)
	at org.testng.TestRunner.run(TestRunner.java:621)
	at org.testng.SuiteRunner.runTest(SuiteRunner.java:357)
	at org.testng.SuiteRunner.access$000(SuiteRunner.java:38)
	at org.testng.SuiteRunner$SuiteWorker.run(SuiteRunner.java:391)
	at org.testng.internal.thread.ThreadUtil$2.call(ThreadUtil.java:64)
	at java.util.concurrent.FutureTask.run(FutureTask.java:266)
	at java.util.concurrent.ThreadPoolExecutor.runWorker(ThreadPoolExecutor.java:1142)
	at java.util.concurrent.ThreadPoolExecutor$Worker.run(ThreadPoolExecutor.java:617)
	at java.lang.Thread.run(Thread.java:745)
]]>
    </error>
  </testcase> <!-- Main_Enter_Empty_Source_Valid_Destination_Select_Departure_Date_Return_Date_Click_Search_Button_ValidateFunctionality -->
</testsuite> <!-- com.devops.src.testcases.Main -->
